# JRE version: OpenJDK Runtime Environment (8.0_152-b01) (build 1.8.0_152-release-1343-b01)
# Java VM: OpenJDK 64-Bit Server VM (25.152-b01 mixed mode windows-amd64 compressed oops)
Heap:
 PSYoungGen      total 193024K, used 80829K [0x00000000e0000000, 0x00000000eef80000, 0x0000000100000000)
  eden space 173568K, 38% used [0x00000000e0000000,0x00000000e41adf90,0x00000000ea980000)
  from space 19456K, 69% used [0x00000000ea980000,0x00000000eb6c1698,0x00000000ebc80000)
  to   space 20480K, 0% used [0x00000000edb80000,0x00000000edb80000,0x00000000eef80000)
 ParOldGen       total 112128K, used 50678K [0x00000000a0000000, 0x00000000a6d80000, 0x00000000e0000000)
  object space 112128K, 45% used [0x00000000a0000000,0x00000000a317d830,0x00000000a6d80000)
 Metaspace       used 73466K, capacity 75904K, committed 76120K, reserved 1116160K
  class space    used 9845K, capacity 10331K, committed 10368K, reserved 1048576K
GC Heap History (10 events):
Event: 51.790 GC heap before
{Heap before GC invocations=12 (full 2):
 PSYoungGen      total 148480K, used 137728K [0x00000000e0000000, 0x00000000e9f80000, 0x0000000100000000)
  eden space 137728K, 100% used [0x00000000e0000000,0x00000000e8680000,0x00000000e8680000)
  from space 10752K, 0% used [0x00000000e9200000,0x00000000e9200000,0x00000000e9c80000)
  to   space 3072K, 0% used [0x00000000e9c80000,0x00000000e9c80000,0x00000000e9f80000)
 ParOldGen       total 68096K, used 19280K [0x00000000a0000000, 0x00000000a4280000, 0x00000000e0000000)
  object space 68096K, 28% used [0x00000000a0000000,0x00000000a12d4118,0x00000000a4280000)
 Metaspace       used 46854K, capacity 47786K, committed 48128K, reserved 1091584K
  class space    used 6300K, capacity 6570K, committed 6656K, reserved 1048576K
Event: 51.815 GC heap after
Heap after GC invocations=12 (full 2):
 PSYoungGen      total 146944K, used 3044K [0x00000000e0000000, 0x00000000eca80000, 0x0000000100000000)
  eden space 143872K, 0% used [0x00000000e0000000,0x00000000e0000000,0x00000000e8c80000)
  from space 3072K, 99% used [0x00000000e9c80000,0x00000000e9f79300,0x00000000e9f80000)
  to   space 16384K, 0% used [0x00000000e8c80000,0x00000000e8c80000,0x00000000e9c80000)
 ParOldGen       total 68096K, used 33114K [0x00000000a0000000, 0x00000000a4280000, 0x00000000e0000000)
  object space 68096K, 48% used [0x00000000a0000000,0x00000000a2056950,0x00000000a4280000)
 Metaspace       used 46854K, capacity 47786K, committed 48128K, reserved 1091584K
  class space    used 6300K, capacity 6570K, committed 6656K, reserved 1048576K
}
Event: 60.038 GC heap before
{Heap before GC invocations=13 (full 2):
 PSYoungGen      total 146944K, used 108943K [0x00000000e0000000, 0x00000000eca80000, 0x0000000100000000)
  eden space 143872K, 73% used [0x00000000e0000000,0x00000000e676ab10,0x00000000e8c80000)
  from space 3072K, 99% used [0x00000000e9c80000,0x00000000e9f79300,0x00000000e9f80000)
  to   space 16384K, 0% used [0x00000000e8c80000,0x00000000e8c80000,0x00000000e9c80000)
 ParOldGen       total 68096K, used 33114K [0x00000000a0000000, 0x00000000a4280000, 0x00000000e0000000)
  object space 68096K, 48% used [0x00000000a0000000,0x00000000a2056950,0x00000000a4280000)
 Metaspace       used 57510K, capacity 58976K, committed 59096K, reserved 1099776K
  class space    used 7741K, capacity 8113K, committed 8192K, reserved 1048576K
Event: 60.063 GC heap after
Heap after GC invocations=13 (full 2):
 PSYoungGen      total 160256K, used 11408K [0x00000000e0000000, 0x00000000ecf80000, 0x0000000100000000)
  eden space 143872K, 0% used [0x00000000e0000000,0x00000000e0000000,0x00000000e8c80000)
  from space 16384K, 69% used [0x00000000e8c80000,0x00000000e97a4120,0x00000000e9c80000)
  to   space 16896K, 0% used [0x00000000ebf00000,0x00000000ebf00000,0x00000000ecf80000)
 ParOldGen       total 68096K, used 36252K [0x00000000a0000000, 0x00000000a4280000, 0x00000000e0000000)
  object space 68096K, 53% used [0x00000000a0000000,0x00000000a2367390,0x00000000a4280000)
 Metaspace       used 57510K, capacity 58976K, committed 59096K, reserved 1099776K
  class space    used 7741K, capacity 8113K, committed 8192K, reserved 1048576K
}
Event: 60.064 GC heap before
{Heap before GC invocations=14 (full 3):
 PSYoungGen      total 160256K, used 11408K [0x00000000e0000000, 0x00000000ecf80000, 0x0000000100000000)
  eden space 143872K, 0% used [0x00000000e0000000,0x00000000e0000000,0x00000000e8c80000)
  from space 16384K, 69% used [0x00000000e8c80000,0x00000000e97a4120,0x00000000e9c80000)
  to   space 16896K, 0% used [0x00000000ebf00000,0x00000000ebf00000,0x00000000ecf80000)
 ParOldGen       total 68096K, used 36252K [0x00000000a0000000, 0x00000000a4280000, 0x00000000e0000000)
  object space 68096K, 53% used [0x00000000a0000000,0x00000000a2367390,0x00000000a4280000)
 Metaspace       used 57510K, capacity 58976K, committed 59096K, reserved 1099776K
  class space    used 7741K, capacity 8113K, committed 8192K, reserved 1048576K
Event: 60.364 GC heap after
Heap after GC invocations=14 (full 3):
 PSYoungGen      total 160256K, used 0K [0x00000000e0000000, 0x00000000ecf80000, 0x0000000100000000)
  eden space 143872K, 0% used [0x00000000e0000000,0x00000000e0000000,0x00000000e8c80000)
  from space 16384K, 0% used [0x00000000e8c80000,0x00000000e8c80000,0x00000000e9c80000)
  to   space 16896K, 0% used [0x00000000ebf00000,0x00000000ebf00000,0x00000000ecf80000)
 ParOldGen       total 112128K, used 41525K [0x00000000a0000000, 0x00000000a6d80000, 0x00000000e0000000)
  object space 112128K, 37% used [0x00000000a0000000,0x00000000a288d410,0x00000000a6d80000)
 Metaspace       used 57510K, capacity 58976K, committed 59096K, reserved 1099776K
  class space    used 7741K, capacity 8113K, committed 8192K, reserved 1048576K
}
Event: 72.979 GC heap before
{Heap before GC invocations=15 (full 3):
 PSYoungGen      total 160256K, used 143872K [0x00000000e0000000, 0x00000000ecf80000, 0x0000000100000000)
  eden space 143872K, 100% used [0x00000000e0000000,0x00000000e8c80000,0x00000000e8c80000)
  from space 16384K, 0% used [0x00000000e8c80000,0x00000000e8c80000,0x00000000e9c80000)
  to   space 16896K, 0% used [0x00000000ebf00000,0x00000000ebf00000,0x00000000ecf80000)
 ParOldGen       total 112128K, used 41525K [0x00000000a0000000, 0x00000000a6d80000, 0x00000000e0000000)
  object space 112128K, 37% used [0x00000000a0000000,0x00000000a288d410,0x00000000a6d80000)
 Metaspace       used 63399K, capacity 65318K, committed 65624K, reserved 1105920K
  class space    used 8547K, capacity 8974K, committed 9088K, reserved 1048576K
Event: 73.023 GC heap after
Heap after GC invocations=15 (full 3):
 PSYoungGen      total 190464K, used 16871K [0x00000000e0000000, 0x00000000ecf80000, 0x0000000100000000)
  eden space 173568K, 0% used [0x00000000e0000000,0x00000000e0000000,0x00000000ea980000)
  from space 16896K, 99% used [0x00000000ebf00000,0x00000000ecf79e10,0x00000000ecf80000)
  to   space 19456K, 0% used [0x00000000ea980000,0x00000000ea980000,0x00000000ebc80000)
 ParOldGen       total 112128K, used 42079K [0x00000000a0000000, 0x00000000a6d80000, 0x00000000e0000000)
  object space 112128K, 37% used [0x00000000a0000000,0x00000000a2917da8,0x00000000a6d80000)
 Metaspace       used 63399K, capacity 65318K, committed 65624K, reserved 1105920K
  class space    used 8547K, capacity 8974K, committed 9088K, reserved 1048576K
}
Event: 124.968 GC heap before
{Heap before GC invocations=16 (full 3):
 PSYoungGen      total 190464K, used 190439K [0x00000000e0000000, 0x00000000ecf80000, 0x0000000100000000)
  eden space 173568K, 100% used [0x00000000e0000000,0x00000000ea980000,0x00000000ea980000)
  from space 16896K, 99% used [0x00000000ebf00000,0x00000000ecf79e10,0x00000000ecf80000)
  to   space 19456K, 0% used [0x00000000ea980000,0x00000000ea980000,0x00000000ebc80000)
 ParOldGen       total 112128K, used 42079K [0x00000000a0000000, 0x00000000a6d80000, 0x00000000e0000000)
  object space 112128K, 37% used [0x00000000a0000000,0x00000000a2917da8,0x00000000a6d80000)
 Metaspace       used 71125K, capacity 73312K, committed 73560K, reserved 1112064K
  class space    used 9581K, capacity 10068K, committed 10112K, reserved 1048576K
Event: 125.011 GC heap after
Heap after GC invocations=16 (full 3):
 PSYoungGen      total 193024K, used 13573K [0x00000000e0000000, 0x00000000eef80000, 0x0000000100000000)
  eden space 173568K, 0% used [0x00000000e0000000,0x00000000e0000000,0x00000000ea980000)
  from space 19456K, 69% used [0x00000000ea980000,0x00000000eb6c1698,0x00000000ebc80000)
  to   space 20480K, 0% used [0x00000000edb80000,0x00000000edb80000,0x00000000eef80000)
 ParOldGen       total 112128K, used 50678K [0x00000000a0000000, 0x00000000a6d80000, 0x00000000e0000000)
  object space 112128K, 45% used [0x00000000a0000000,0x00000000a317d830,0x00000000a6d80000)
 Metaspace       used 71125K, capacity 73312K, committed 73560K, reserved 1112064K
  class space    used 9581K, capacity 10068K, committed 10112K, reserved 1048576K
}

