# JRE version: OpenJDK Runtime Environment (8.0_152-b01) (build 1.8.0_152-release-1343-b01)
# Java VM: OpenJDK 64-Bit Server VM (25.152-b01 mixed mode windows-amd64 compressed oops)
Heap:
 PSYoungGen      total 171008K, used 37817K [0x00000000e0000000, 0x00000000ecc00000, 0x0000000100000000)
  eden space 143872K, 18% used [0x00000000e0000000,0x00000000e1a24fe8,0x00000000e8c80000)
  from space 27136K, 40% used [0x00000000e8c80000,0x00000000e9749428,0x00000000ea700000)
  to   space 25600K, 0% used [0x00000000eb300000,0x00000000eb300000,0x00000000ecc00000)
 ParOldGen       total 85504K, used 45933K [0x00000000a0000000, 0x00000000a5380000, 0x00000000e0000000)
  object space 85504K, 53% used [0x00000000a0000000,0x00000000a2cdb588,0x00000000a5380000)
 Metaspace       used 89762K, capacity 92546K, committed 94080K, reserved 1130496K
  class space    used 11494K, capacity 12033K, committed 12416K, reserved 1048576K
GC Heap History (10 events):
Event: 83.709 GC heap before
{Heap before GC invocations=27 (full 3):
 PSYoungGen      total 131072K, used 128644K [0x00000000e0000000, 0x00000000eac80000, 0x0000000100000000)
  eden space 111616K, 100% used [0x00000000e0000000,0x00000000e6d00000,0x00000000e6d00000)
  from space 19456K, 87% used [0x00000000e6d00000,0x00000000e7da1128,0x00000000e8000000)
  to   space 21504K, 0% used [0x00000000e9780000,0x00000000e9780000,0x00000000eac80000)
 ParOldGen       total 85504K, used 46095K [0x00000000a0000000, 0x00000000a5380000, 0x00000000e0000000)
  object space 85504K, 53% used [0x00000000a0000000,0x00000000a2d03e90,0x00000000a5380000)
 Metaspace       used 76330K, capacity 79272K, committed 79488K, reserved 1118208K
  class space    used 9972K, capacity 10607K, committed 10624K, reserved 1048576K
Event: 83.764 GC heap after
Heap after GC invocations=27 (full 3):
 PSYoungGen      total 153088K, used 16317K [0x00000000e0000000, 0x00000000ead80000, 0x0000000100000000)
  eden space 131584K, 0% used [0x00000000e0000000,0x00000000e0000000,0x00000000e8080000)
  from space 21504K, 75% used [0x00000000e9780000,0x00000000ea76f648,0x00000000eac80000)
  to   space 23040K, 0% used [0x00000000e8080000,0x00000000e8080000,0x00000000e9700000)
 ParOldGen       total 85504K, used 53335K [0x00000000a0000000, 0x00000000a5380000, 0x00000000e0000000)
  object space 85504K, 62% used [0x00000000a0000000,0x00000000a3415f30,0x00000000a5380000)
 Metaspace       used 76330K, capacity 79272K, committed 79488K, reserved 1118208K
  class space    used 9972K, capacity 10607K, committed 10624K, reserved 1048576K
}
Event: 5238.307 GC heap before
{Heap before GC invocations=28 (full 3):
 PSYoungGen      total 153088K, used 147901K [0x00000000e0000000, 0x00000000ead80000, 0x0000000100000000)
  eden space 131584K, 100% used [0x00000000e0000000,0x00000000e8080000,0x00000000e8080000)
  from space 21504K, 75% used [0x00000000e9780000,0x00000000ea76f648,0x00000000eac80000)
  to   space 23040K, 0% used [0x00000000e8080000,0x00000000e8080000,0x00000000e9700000)
 ParOldGen       total 85504K, used 53335K [0x00000000a0000000, 0x00000000a5380000, 0x00000000e0000000)
  object space 85504K, 62% used [0x00000000a0000000,0x00000000a3415f30,0x00000000a5380000)
 Metaspace       used 77865K, capacity 81056K, committed 81280K, reserved 1120256K
  class space    used 10129K, capacity 10811K, committed 10880K, reserved 1048576K
Event: 5238.470 GC heap after
Heap after GC invocations=28 (full 3):
 PSYoungGen      total 154624K, used 16951K [0x00000000e0000000, 0x00000000ebf00000, 0x0000000100000000)
  eden space 131584K, 0% used [0x00000000e0000000,0x00000000e0000000,0x00000000e8080000)
  from space 23040K, 73% used [0x00000000e8080000,0x00000000e910de80,0x00000000e9700000)
  to   space 24576K, 0% used [0x00000000ea700000,0x00000000ea700000,0x00000000ebf00000)
 ParOldGen       total 85504K, used 53343K [0x00000000a0000000, 0x00000000a5380000, 0x00000000e0000000)
  object space 85504K, 62% used [0x00000000a0000000,0x00000000a3417f30,0x00000000a5380000)
 Metaspace       used 77865K, capacity 81056K, committed 81280K, reserved 1120256K
  class space    used 10129K, capacity 10811K, committed 10880K, reserved 1048576K
}
Event: 5272.555 GC heap before
{Heap before GC invocations=29 (full 3):
 PSYoungGen      total 154624K, used 116932K [0x00000000e0000000, 0x00000000ebf00000, 0x0000000100000000)
  eden space 131584K, 75% used [0x00000000e0000000,0x00000000e61a3330,0x00000000e8080000)
  from space 23040K, 73% used [0x00000000e8080000,0x00000000e910de80,0x00000000e9700000)
  to   space 24576K, 0% used [0x00000000ea700000,0x00000000ea700000,0x00000000ebf00000)
 ParOldGen       total 85504K, used 53343K [0x00000000a0000000, 0x00000000a5380000, 0x00000000e0000000)
  object space 85504K, 62% used [0x00000000a0000000,0x00000000a3417f30,0x00000000a5380000)
 Metaspace       used 82546K, capacity 85736K, committed 86016K, reserved 1124352K
  class space    used 10716K, capacity 11394K, committed 11520K, reserved 1048576K
Event: 5272.608 GC heap after
Heap after GC invocations=29 (full 3):
 PSYoungGen      total 168448K, used 21051K [0x00000000e0000000, 0x00000000ec400000, 0x0000000100000000)
  eden space 143872K, 0% used [0x00000000e0000000,0x00000000e0000000,0x00000000e8c80000)
  from space 24576K, 85% used [0x00000000ea700000,0x00000000ebb8ef28,0x00000000ebf00000)
  to   space 27136K, 0% used [0x00000000e8c80000,0x00000000e8c80000,0x00000000ea700000)
 ParOldGen       total 85504K, used 53351K [0x00000000a0000000, 0x00000000a5380000, 0x00000000e0000000)
  object space 85504K, 62% used [0x00000000a0000000,0x00000000a3419f30,0x00000000a5380000)
 Metaspace       used 82546K, capacity 85736K, committed 86016K, reserved 1124352K
  class space    used 10716K, capacity 11394K, committed 11520K, reserved 1048576K
}
Event: 5272.608 GC heap before
{Heap before GC invocations=30 (full 4):
 PSYoungGen      total 168448K, used 21051K [0x00000000e0000000, 0x00000000ec400000, 0x0000000100000000)
  eden space 143872K, 0% used [0x00000000e0000000,0x00000000e0000000,0x00000000e8c80000)
  from space 24576K, 85% used [0x00000000ea700000,0x00000000ebb8ef28,0x00000000ebf00000)
  to   space 27136K, 0% used [0x00000000e8c80000,0x00000000e8c80000,0x00000000ea700000)
 ParOldGen       total 85504K, used 53351K [0x00000000a0000000, 0x00000000a5380000, 0x00000000e0000000)
  object space 85504K, 62% used [0x00000000a0000000,0x00000000a3419f30,0x00000000a5380000)
 Metaspace       used 82546K, capacity 85736K, committed 86016K, reserved 1124352K
  class space    used 10716K, capacity 11394K, committed 11520K, reserved 1048576K
Event: 5273.233 GC heap after
Heap after GC invocations=30 (full 4):
 PSYoungGen      total 168448K, used 0K [0x00000000e0000000, 0x00000000ec400000, 0x0000000100000000)
  eden space 143872K, 0% used [0x00000000e0000000,0x00000000e0000000,0x00000000e8c80000)
  from space 24576K, 0% used [0x00000000ea700000,0x00000000ea700000,0x00000000ebf00000)
  to   space 27136K, 0% used [0x00000000e8c80000,0x00000000e8c80000,0x00000000ea700000)
 ParOldGen       total 85504K, used 45925K [0x00000000a0000000, 0x00000000a5380000, 0x00000000e0000000)
  object space 85504K, 53% used [0x00000000a0000000,0x00000000a2cd9588,0x00000000a5380000)
 Metaspace       used 81353K, capacity 83732K, committed 86016K, reserved 1124352K
  class space    used 10480K, capacity 10968K, committed 11520K, reserved 1048576K
}
Event: 5307.442 GC heap before
{Heap before GC invocations=31 (full 4):
 PSYoungGen      total 168448K, used 143872K [0x00000000e0000000, 0x00000000ec400000, 0x0000000100000000)
  eden space 143872K, 100% used [0x00000000e0000000,0x00000000e8c80000,0x00000000e8c80000)
  from space 24576K, 0% used [0x00000000ea700000,0x00000000ea700000,0x00000000ebf00000)
  to   space 27136K, 0% used [0x00000000e8c80000,0x00000000e8c80000,0x00000000ea700000)
 ParOldGen       total 85504K, used 45925K [0x00000000a0000000, 0x00000000a5380000, 0x00000000e0000000)
  object space 85504K, 53% used [0x00000000a0000000,0x00000000a2cd9588,0x00000000a5380000)
 Metaspace       used 89086K, capacity 91770K, committed 93440K, reserved 1130496K
  class space    used 11422K, capacity 11942K, committed 12288K, reserved 1048576K
Event: 5307.492 GC heap after
Heap after GC invocations=31 (full 4):
 PSYoungGen      total 171008K, used 11045K [0x00000000e0000000, 0x00000000ecc00000, 0x0000000100000000)
  eden space 143872K, 0% used [0x00000000e0000000,0x00000000e0000000,0x00000000e8c80000)
  from space 27136K, 40% used [0x00000000e8c80000,0x00000000e9749428,0x00000000ea700000)
  to   space 25600K, 0% used [0x00000000eb300000,0x00000000eb300000,0x00000000ecc00000)
 ParOldGen       total 85504K, used 45933K [0x00000000a0000000, 0x00000000a5380000, 0x00000000e0000000)
  object space 85504K, 53% used [0x00000000a0000000,0x00000000a2cdb588,0x00000000a5380000)
 Metaspace       used 89086K, capacity 91770K, committed 93440K, reserved 1130496K
  class space    used 11422K, capacity 11942K, committed 12288K, reserved 1048576K
}

