# JRE version: OpenJDK Runtime Environment (8.0_152-b01) (build 1.8.0_152-release-1343-b01)
# Java VM: OpenJDK 64-Bit Server VM (25.152-b01 mixed mode windows-amd64 compressed oops)
Heap:
 PSYoungGen      total 183296K, used 24591K [0x00000000e0000000, 0x00000000ecf80000, 0x0000000100000000)
  eden space 163328K, 7% used [0x00000000e0000000,0x00000000e0b85700,0x00000000e9f80000)
  from space 19968K, 64% used [0x00000000ebc00000,0x00000000ec87e5f0,0x00000000ecf80000)
  to   space 24576K, 0% used [0x00000000e9f80000,0x00000000e9f80000,0x00000000eb780000)
 ParOldGen       total 95744K, used 59149K [0x00000000a0000000, 0x00000000a5d80000, 0x00000000e0000000)
  object space 95744K, 61% used [0x00000000a0000000,0x00000000a39c3448,0x00000000a5d80000)
 Metaspace       used 74653K, capacity 77748K, committed 77848K, reserved 1116160K
  class space    used 9843K, capacity 10517K, committed 10520K, reserved 1048576K
GC Heap History (10 events):
Event: 43.424 GC heap before
{Heap before GC invocations=17 (full 3):
 PSYoungGen      total 136192K, used 12485K [0x00000000e0000000, 0x00000000e9f80000, 0x0000000100000000)
  eden space 122880K, 0% used [0x00000000e0000000,0x00000000e0000000,0x00000000e7800000)
  from space 13312K, 93% used [0x00000000e8680000,0x00000000e92b1588,0x00000000e9380000)
  to   space 14848K, 0% used [0x00000000e7800000,0x00000000e7800000,0x00000000e8680000)
 ParOldGen       total 62976K, used 22324K [0x00000000a0000000, 0x00000000a3d80000, 0x00000000e0000000)
  object space 62976K, 35% used [0x00000000a0000000,0x00000000a15cd1c8,0x00000000a3d80000)
 Metaspace       used 57387K, capacity 58956K, committed 59160K, reserved 1099776K
  class space    used 7711K, capacity 8117K, committed 8216K, reserved 1048576K
Event: 44.002 GC heap after
Heap after GC invocations=17 (full 3):
 PSYoungGen      total 136192K, used 0K [0x00000000e0000000, 0x00000000e9f80000, 0x0000000100000000)
  eden space 122880K, 0% used [0x00000000e0000000,0x00000000e0000000,0x00000000e7800000)
  from space 13312K, 0% used [0x00000000e8680000,0x00000000e8680000,0x00000000e9380000)
  to   space 14848K, 0% used [0x00000000e7800000,0x00000000e7800000,0x00000000e8680000)
 ParOldGen       total 95744K, used 32566K [0x00000000a0000000, 0x00000000a5d80000, 0x00000000e0000000)
  object space 95744K, 34% used [0x00000000a0000000,0x00000000a1fcda98,0x00000000a5d80000)
 Metaspace       used 57387K, capacity 58956K, committed 59160K, reserved 1099776K
  class space    used 7711K, capacity 8117K, committed 8216K, reserved 1048576K
}
Event: 53.320 GC heap before
{Heap before GC invocations=18 (full 3):
 PSYoungGen      total 136192K, used 122880K [0x00000000e0000000, 0x00000000e9f80000, 0x0000000100000000)
  eden space 122880K, 100% used [0x00000000e0000000,0x00000000e7800000,0x00000000e7800000)
  from space 13312K, 0% used [0x00000000e8680000,0x00000000e8680000,0x00000000e9380000)
  to   space 14848K, 0% used [0x00000000e7800000,0x00000000e7800000,0x00000000e8680000)
 ParOldGen       total 95744K, used 32566K [0x00000000a0000000, 0x00000000a5d80000, 0x00000000e0000000)
  object space 95744K, 34% used [0x00000000a0000000,0x00000000a1fcda98,0x00000000a5d80000)
 Metaspace       used 63475K, capacity 65426K, committed 65560K, reserved 1105920K
  class space    used 8684K, capacity 9159K, committed 9240K, reserved 1048576K
Event: 53.349 GC heap after
Heap after GC invocations=18 (full 3):
 PSYoungGen      total 137728K, used 10952K [0x00000000e0000000, 0x00000000eac80000, 0x0000000100000000)
  eden space 122880K, 0% used [0x00000000e0000000,0x00000000e0000000,0x00000000e7800000)
  from space 14848K, 73% used [0x00000000e7800000,0x00000000e82b2260,0x00000000e8680000)
  to   space 15360K, 0% used [0x00000000e9d80000,0x00000000e9d80000,0x00000000eac80000)
 ParOldGen       total 95744K, used 32574K [0x00000000a0000000, 0x00000000a5d80000, 0x00000000e0000000)
  object space 95744K, 34% used [0x00000000a0000000,0x00000000a1fcfa98,0x00000000a5d80000)
 Metaspace       used 63475K, capacity 65426K, committed 65560K, reserved 1105920K
  class space    used 8684K, capacity 9159K, committed 9240K, reserved 1048576K
}
Event: 57.177 GC heap before
{Heap before GC invocations=19 (full 3):
 PSYoungGen      total 137728K, used 133832K [0x00000000e0000000, 0x00000000eac80000, 0x0000000100000000)
  eden space 122880K, 100% used [0x00000000e0000000,0x00000000e7800000,0x00000000e7800000)
  from space 14848K, 73% used [0x00000000e7800000,0x00000000e82b2260,0x00000000e8680000)
  to   space 15360K, 0% used [0x00000000e9d80000,0x00000000e9d80000,0x00000000eac80000)
 ParOldGen       total 95744K, used 32574K [0x00000000a0000000, 0x00000000a5d80000, 0x00000000e0000000)
  object space 95744K, 34% used [0x00000000a0000000,0x00000000a1fcfa98,0x00000000a5d80000)
 Metaspace       used 64336K, capacity 66292K, committed 66456K, reserved 1105920K
  class space    used 8796K, capacity 9259K, committed 9368K, reserved 1048576K
Event: 57.282 GC heap after
Heap after GC invocations=19 (full 3):
 PSYoungGen      total 157184K, used 15336K [0x00000000e0000000, 0x00000000ebb80000, 0x0000000100000000)
  eden space 141824K, 0% used [0x00000000e0000000,0x00000000e0000000,0x00000000e8a80000)
  from space 15360K, 99% used [0x00000000e9d80000,0x00000000eac7a030,0x00000000eac80000)
  to   space 19456K, 0% used [0x00000000e8a80000,0x00000000e8a80000,0x00000000e9d80000)
 ParOldGen       total 95744K, used 37387K [0x00000000a0000000, 0x00000000a5d80000, 0x00000000e0000000)
  object space 95744K, 39% used [0x00000000a0000000,0x00000000a2482db8,0x00000000a5d80000)
 Metaspace       used 64336K, capacity 66292K, committed 66456K, reserved 1105920K
  class space    used 8796K, capacity 9259K, committed 9368K, reserved 1048576K
}
Event: 66.439 GC heap before
{Heap before GC invocations=20 (full 3):
 PSYoungGen      total 157184K, used 157160K [0x00000000e0000000, 0x00000000ebb80000, 0x0000000100000000)
  eden space 141824K, 100% used [0x00000000e0000000,0x00000000e8a80000,0x00000000e8a80000)
  from space 15360K, 99% used [0x00000000e9d80000,0x00000000eac7a030,0x00000000eac80000)
  to   space 19456K, 0% used [0x00000000e8a80000,0x00000000e8a80000,0x00000000e9d80000)
 ParOldGen       total 95744K, used 37387K [0x00000000a0000000, 0x00000000a5d80000, 0x00000000e0000000)
  object space 95744K, 39% used [0x00000000a0000000,0x00000000a2482db8,0x00000000a5d80000)
 Metaspace       used 70184K, capacity 72972K, committed 73112K, reserved 1112064K
  class space    used 9453K, capacity 10023K, committed 10136K, reserved 1048576K
Event: 66.649 GC heap after
Heap after GC invocations=20 (full 3):
 PSYoungGen      total 161280K, used 19453K [0x00000000e0000000, 0x00000000ed500000, 0x0000000100000000)
  eden space 141824K, 0% used [0x00000000e0000000,0x00000000e0000000,0x00000000e8a80000)
  from space 19456K, 99% used [0x00000000e8a80000,0x00000000e9d7f498,0x00000000e9d80000)
  to   space 25600K, 0% used [0x00000000ebc00000,0x00000000ebc00000,0x00000000ed500000)
 ParOldGen       total 95744K, used 45348K [0x00000000a0000000, 0x00000000a5d80000, 0x00000000e0000000)
  object space 95744K, 47% used [0x00000000a0000000,0x00000000a2c49358,0x00000000a5d80000)
 Metaspace       used 70184K, capacity 72972K, committed 73112K, reserved 1112064K
  class space    used 9453K, capacity 10023K, committed 10136K, reserved 1048576K
}
Event: 2912.708 GC heap before
{Heap before GC invocations=21 (full 3):
 PSYoungGen      total 161280K, used 161277K [0x00000000e0000000, 0x00000000ed500000, 0x0000000100000000)
  eden space 141824K, 100% used [0x00000000e0000000,0x00000000e8a80000,0x00000000e8a80000)
  from space 19456K, 99% used [0x00000000e8a80000,0x00000000e9d7f498,0x00000000e9d80000)
  to   space 25600K, 0% used [0x00000000ebc00000,0x00000000ebc00000,0x00000000ed500000)
 ParOldGen       total 95744K, used 45348K [0x00000000a0000000, 0x00000000a5d80000, 0x00000000e0000000)
  object space 95744K, 47% used [0x00000000a0000000,0x00000000a2c49358,0x00000000a5d80000)
 Metaspace       used 74552K, capacity 77670K, committed 77848K, reserved 1116160K
  class space    used 9833K, capacity 10514K, committed 10520K, reserved 1048576K
Event: 2914.322 GC heap after
Heap after GC invocations=21 (full 3):
 PSYoungGen      total 183296K, used 12793K [0x00000000e0000000, 0x00000000ecf80000, 0x0000000100000000)
  eden space 163328K, 0% used [0x00000000e0000000,0x00000000e0000000,0x00000000e9f80000)
  from space 19968K, 64% used [0x00000000ebc00000,0x00000000ec87e5f0,0x00000000ecf80000)
  to   space 24576K, 0% used [0x00000000e9f80000,0x00000000e9f80000,0x00000000eb780000)
 ParOldGen       total 95744K, used 59149K [0x00000000a0000000, 0x00000000a5d80000, 0x00000000e0000000)
  object space 95744K, 61% used [0x00000000a0000000,0x00000000a39c3448,0x00000000a5d80000)
 Metaspace       used 74552K, capacity 77670K, committed 77848K, reserved 1116160K
  class space    used 9833K, capacity 10514K, committed 10520K, reserved 1048576K
}

