# JRE version: OpenJDK Runtime Environment (8.0_152-b01) (build 1.8.0_152-release-1343-b01)
# Java VM: OpenJDK 64-Bit Server VM (25.152-b01 mixed mode windows-amd64 compressed oops)
Heap:
 PSYoungGen      total 261120K, used 141102K [0x00000000e0000000, 0x00000000f2c00000, 0x0000000100000000)
  eden space 227328K, 48% used [0x00000000e0000000,0x00000000e6b6c650,0x00000000ede00000)
  from space 33792K, 92% used [0x00000000f0300000,0x00000000f215f208,0x00000000f2400000)
  to   space 37888K, 0% used [0x00000000ede00000,0x00000000ede00000,0x00000000f0300000)
 ParOldGen       total 153600K, used 51399K [0x00000000a0000000, 0x00000000a9600000, 0x00000000e0000000)
  object space 153600K, 33% used [0x00000000a0000000,0x00000000a3231d48,0x00000000a9600000)
 Metaspace       used 101088K, capacity 106189K, committed 106328K, reserved 1140736K
  class space    used 13137K, capacity 14176K, committed 14208K, reserved 1048576K
GC Heap History (10 events):
Event: 514.293 GC heap before
{Heap before GC invocations=20 (full 4):
 PSYoungGen      total 222720K, used 12875K [0x00000000e0000000, 0x00000000f1780000, 0x0000000100000000)
  eden space 209408K, 0% used [0x00000000e0000000,0x00000000e0000000,0x00000000ecc80000)
  from space 13312K, 96% used [0x00000000f0a80000,0x00000000f1712f78,0x00000000f1780000)
  to   space 27648K, 0% used [0x00000000ee180000,0x00000000ee180000,0x00000000efc80000)
 ParOldGen       total 100864K, used 60884K [0x00000000a0000000, 0x00000000a6280000, 0x00000000e0000000)
  object space 100864K, 60% used [0x00000000a0000000,0x00000000a3b75290,0x00000000a6280000)
 Metaspace       used 94358K, capacity 98425K, committed 98496K, reserved 1134592K
  class space    used 12317K, capacity 13113K, committed 13184K, reserved 1048576K
Event: 515.199 GC heap after
Heap after GC invocations=20 (full 4):
 PSYoungGen      total 222720K, used 0K [0x00000000e0000000, 0x00000000f1780000, 0x0000000100000000)
  eden space 209408K, 0% used [0x00000000e0000000,0x00000000e0000000,0x00000000ecc80000)
  from space 13312K, 0% used [0x00000000f0a80000,0x00000000f0a80000,0x00000000f1780000)
  to   space 27648K, 0% used [0x00000000ee180000,0x00000000ee180000,0x00000000efc80000)
 ParOldGen       total 153600K, used 51375K [0x00000000a0000000, 0x00000000a9600000, 0x00000000e0000000)
  object space 153600K, 33% used [0x00000000a0000000,0x00000000a322bd48,0x00000000a9600000)
 Metaspace       used 94125K, capacity 97751K, committed 98496K, reserved 1134592K
  class space    used 12240K, capacity 12978K, committed 13184K, reserved 1048576K
}
Event: 840.159 GC heap before
{Heap before GC invocations=21 (full 4):
 PSYoungGen      total 222720K, used 209408K [0x00000000e0000000, 0x00000000f1780000, 0x0000000100000000)
  eden space 209408K, 100% used [0x00000000e0000000,0x00000000ecc80000,0x00000000ecc80000)
  from space 13312K, 0% used [0x00000000f0a80000,0x00000000f0a80000,0x00000000f1780000)
  to   space 27648K, 0% used [0x00000000ee180000,0x00000000ee180000,0x00000000efc80000)
 ParOldGen       total 153600K, used 51375K [0x00000000a0000000, 0x00000000a9600000, 0x00000000e0000000)
  object space 153600K, 33% used [0x00000000a0000000,0x00000000a322bd48,0x00000000a9600000)
 Metaspace       used 96827K, capacity 100809K, committed 101080K, reserved 1136640K
  class space    used 12639K, capacity 13468K, committed 13568K, reserved 1048576K
Event: 840.231 GC heap after
Heap after GC invocations=21 (full 4):
 PSYoungGen      total 243712K, used 19812K [0x00000000e0000000, 0x00000000f1380000, 0x0000000100000000)
  eden space 223744K, 0% used [0x00000000e0000000,0x00000000e0000000,0x00000000eda80000)
  from space 19968K, 99% used [0x00000000ee180000,0x00000000ef4d9318,0x00000000ef500000)
  to   space 29184K, 0% used [0x00000000ef700000,0x00000000ef700000,0x00000000f1380000)
 ParOldGen       total 153600K, used 51383K [0x00000000a0000000, 0x00000000a9600000, 0x00000000e0000000)
  object space 153600K, 33% used [0x00000000a0000000,0x00000000a322dd48,0x00000000a9600000)
 Metaspace       used 96827K, capacity 100809K, committed 101080K, reserved 1136640K
  class space    used 12639K, capacity 13468K, committed 13568K, reserved 1048576K
}
Event: 1137.431 GC heap before
{Heap before GC invocations=22 (full 4):
 PSYoungGen      total 243712K, used 243556K [0x00000000e0000000, 0x00000000f1380000, 0x0000000100000000)
  eden space 223744K, 100% used [0x00000000e0000000,0x00000000eda80000,0x00000000eda80000)
  from space 19968K, 99% used [0x00000000ee180000,0x00000000ef4d9318,0x00000000ef500000)
  to   space 29184K, 0% used [0x00000000ef700000,0x00000000ef700000,0x00000000f1380000)
 ParOldGen       total 153600K, used 51383K [0x00000000a0000000, 0x00000000a9600000, 0x00000000e0000000)
  object space 153600K, 33% used [0x00000000a0000000,0x00000000a322dd48,0x00000000a9600000)
 Metaspace       used 99087K, capacity 103807K, committed 104024K, reserved 1138688K
  class space    used 12944K, capacity 13883K, committed 13952K, reserved 1048576K
Event: 1137.475 GC heap after
Heap after GC invocations=22 (full 4):
 PSYoungGen      total 250368K, used 24556K [0x00000000e0000000, 0x00000000f2400000, 0x0000000100000000)
  eden space 221184K, 0% used [0x00000000e0000000,0x00000000e0000000,0x00000000ed800000)
  from space 29184K, 84% used [0x00000000ef700000,0x00000000f0efb208,0x00000000f1380000)
  to   space 31744K, 0% used [0x00000000ed800000,0x00000000ed800000,0x00000000ef700000)
 ParOldGen       total 153600K, used 51391K [0x00000000a0000000, 0x00000000a9600000, 0x00000000e0000000)
  object space 153600K, 33% used [0x00000000a0000000,0x00000000a322fd48,0x00000000a9600000)
 Metaspace       used 99087K, capacity 103807K, committed 104024K, reserved 1138688K
  class space    used 12944K, capacity 13883K, committed 13952K, reserved 1048576K
}
Event: 1228.960 GC heap before
{Heap before GC invocations=23 (full 4):
 PSYoungGen      total 250368K, used 245740K [0x00000000e0000000, 0x00000000f2400000, 0x0000000100000000)
  eden space 221184K, 100% used [0x00000000e0000000,0x00000000ed800000,0x00000000ed800000)
  from space 29184K, 84% used [0x00000000ef700000,0x00000000f0efb208,0x00000000f1380000)
  to   space 31744K, 0% used [0x00000000ed800000,0x00000000ed800000,0x00000000ef700000)
 ParOldGen       total 153600K, used 51391K [0x00000000a0000000, 0x00000000a9600000, 0x00000000e0000000)
  object space 153600K, 33% used [0x00000000a0000000,0x00000000a322fd48,0x00000000a9600000)
 Metaspace       used 99841K, capacity 104735K, committed 104920K, reserved 1140736K
  class space    used 12994K, capacity 13971K, committed 14080K, reserved 1048576K
Event: 1229.049 GC heap after
Heap after GC invocations=23 (full 4):
 PSYoungGen      total 252928K, used 24189K [0x00000000e0000000, 0x00000000f2400000, 0x0000000100000000)
  eden space 221184K, 0% used [0x00000000e0000000,0x00000000e0000000,0x00000000ed800000)
  from space 31744K, 76% used [0x00000000ed800000,0x00000000eef9f5b0,0x00000000ef700000)
  to   space 33792K, 0% used [0x00000000f0300000,0x00000000f0300000,0x00000000f2400000)
 ParOldGen       total 153600K, used 51391K [0x00000000a0000000, 0x00000000a9600000, 0x00000000e0000000)
  object space 153600K, 33% used [0x00000000a0000000,0x00000000a322fd48,0x00000000a9600000)
 Metaspace       used 99841K, capacity 104735K, committed 104920K, reserved 1140736K
  class space    used 12994K, capacity 13971K, committed 14080K, reserved 1048576K
}
Event: 1287.608 GC heap before
{Heap before GC invocations=24 (full 4):
 PSYoungGen      total 252928K, used 245373K [0x00000000e0000000, 0x00000000f2400000, 0x0000000100000000)
  eden space 221184K, 100% used [0x00000000e0000000,0x00000000ed800000,0x00000000ed800000)
  from space 31744K, 76% used [0x00000000ed800000,0x00000000eef9f5b0,0x00000000ef700000)
  to   space 33792K, 0% used [0x00000000f0300000,0x00000000f0300000,0x00000000f2400000)
 ParOldGen       total 153600K, used 51391K [0x00000000a0000000, 0x00000000a9600000, 0x00000000e0000000)
  object space 153600K, 33% used [0x00000000a0000000,0x00000000a322fd48,0x00000000a9600000)
 Metaspace       used 100983K, capacity 106049K, committed 106328K, reserved 1140736K
  class space    used 13124K, capacity 14160K, committed 14208K, reserved 1048576K
Event: 1287.711 GC heap after
Heap after GC invocations=24 (full 4):
 PSYoungGen      total 261120K, used 31100K [0x00000000e0000000, 0x00000000f2c00000, 0x0000000100000000)
  eden space 227328K, 0% used [0x00000000e0000000,0x00000000e0000000,0x00000000ede00000)
  from space 33792K, 92% used [0x00000000f0300000,0x00000000f215f208,0x00000000f2400000)
  to   space 37888K, 0% used [0x00000000ede00000,0x00000000ede00000,0x00000000f0300000)
 ParOldGen       total 153600K, used 51399K [0x00000000a0000000, 0x00000000a9600000, 0x00000000e0000000)
  object space 153600K, 33% used [0x00000000a0000000,0x00000000a3231d48,0x00000000a9600000)
 Metaspace       used 100983K, capacity 106049K, committed 106328K, reserved 1140736K
  class space    used 13124K, capacity 14160K, committed 14208K, reserved 1048576K
}

