# JRE version: OpenJDK Runtime Environment (8.0_152-b01) (build 1.8.0_152-release-1343-b01)
# Java VM: OpenJDK 64-Bit Server VM (25.152-b01 mixed mode windows-amd64 compressed oops)
Heap:
 PSYoungGen      total 209408K, used 148914K [0x00000000e0000000, 0x00000000ee100000, 0x0000000100000000)
  eden space 188416K, 69% used [0x00000000e0000000,0x00000000e7f40b08,0x00000000eb800000)
  from space 20992K, 88% used [0x00000000eb800000,0x00000000eca2bf00,0x00000000ecc80000)
  to   space 17920K, 0% used [0x00000000ecd80000,0x00000000ecd80000,0x00000000edf00000)
 ParOldGen       total 107008K, used 32425K [0x00000000a0000000, 0x00000000a6880000, 0x00000000e0000000)
  object space 107008K, 30% used [0x00000000a0000000,0x00000000a1faa628,0x00000000a6880000)
 Metaspace       used 65943K, capacity 68032K, committed 68184K, reserved 1107968K
  class space    used 8882K, capacity 9331K, committed 9344K, reserved 1048576K
GC Heap History (10 events):
Event: 23.983 GC heap before
{Heap before GC invocations=10 (full 2):
 PSYoungGen      total 153600K, used 3584K [0x00000000e0000000, 0x00000000ec700000, 0x0000000100000000)
  eden space 150016K, 0% used [0x00000000e0000000,0x00000000e0000000,0x00000000e9280000)
  from space 3584K, 100% used [0x00000000ea080000,0x00000000ea400000,0x00000000ea400000)
  to   space 14336K, 0% used [0x00000000e9280000,0x00000000e9280000,0x00000000ea080000)
 ParOldGen       total 56320K, used 18944K [0x00000000a0000000, 0x00000000a3700000, 0x00000000e0000000)
  object space 56320K, 33% used [0x00000000a0000000,0x00000000a12802d0,0x00000000a3700000)
 Metaspace       used 34669K, capacity 35414K, committed 35456K, reserved 1079296K
  class space    used 4769K, capacity 4986K, committed 4992K, reserved 1048576K
Event: 24.123 GC heap after
Heap after GC invocations=10 (full 2):
 PSYoungGen      total 153600K, used 0K [0x00000000e0000000, 0x00000000ec700000, 0x0000000100000000)
  eden space 150016K, 0% used [0x00000000e0000000,0x00000000e0000000,0x00000000e9280000)
  from space 3584K, 0% used [0x00000000ea080000,0x00000000ea080000,0x00000000ea400000)
  to   space 14336K, 0% used [0x00000000e9280000,0x00000000e9280000,0x00000000ea080000)
 ParOldGen       total 72192K, used 14788K [0x00000000a0000000, 0x00000000a4680000, 0x00000000e0000000)
  object space 72192K, 20% used [0x00000000a0000000,0x00000000a0e710f0,0x00000000a4680000)
 Metaspace       used 34663K, capacity 35396K, committed 35456K, reserved 1079296K
  class space    used 4767K, capacity 4983K, committed 4992K, reserved 1048576K
}
Event: 37.481 GC heap before
{Heap before GC invocations=11 (full 2):
 PSYoungGen      total 153600K, used 150016K [0x00000000e0000000, 0x00000000ec700000, 0x0000000100000000)
  eden space 150016K, 100% used [0x00000000e0000000,0x00000000e9280000,0x00000000e9280000)
  from space 3584K, 0% used [0x00000000ea080000,0x00000000ea080000,0x00000000ea400000)
  to   space 14336K, 0% used [0x00000000e9280000,0x00000000e9280000,0x00000000ea080000)
 ParOldGen       total 72192K, used 14788K [0x00000000a0000000, 0x00000000a4680000, 0x00000000e0000000)
  object space 72192K, 20% used [0x00000000a0000000,0x00000000a0e710f0,0x00000000a4680000)
 Metaspace       used 47842K, capacity 48860K, committed 49024K, reserved 1091584K
  class space    used 6472K, capacity 6743K, committed 6784K, reserved 1048576K
Event: 37.546 GC heap after
Heap after GC invocations=11 (full 2):
 PSYoungGen      total 164352K, used 14310K [0x00000000e0000000, 0x00000000edf00000, 0x0000000100000000)
  eden space 150016K, 0% used [0x00000000e0000000,0x00000000e0000000,0x00000000e9280000)
  from space 14336K, 99% used [0x00000000e9280000,0x00000000ea079b70,0x00000000ea080000)
  to   space 17920K, 0% used [0x00000000ecd80000,0x00000000ecd80000,0x00000000edf00000)
 ParOldGen       total 72192K, used 18672K [0x00000000a0000000, 0x00000000a4680000, 0x00000000e0000000)
  object space 72192K, 25% used [0x00000000a0000000,0x00000000a123c350,0x00000000a4680000)
 Metaspace       used 47842K, capacity 48860K, committed 49024K, reserved 1091584K
  class space    used 6472K, capacity 6743K, committed 6784K, reserved 1048576K
}
Event: 44.352 GC heap before
{Heap before GC invocations=12 (full 2):
 PSYoungGen      total 164352K, used 107132K [0x00000000e0000000, 0x00000000edf00000, 0x0000000100000000)
  eden space 150016K, 61% used [0x00000000e0000000,0x00000000e5aa57e0,0x00000000e9280000)
  from space 14336K, 99% used [0x00000000e9280000,0x00000000ea079b70,0x00000000ea080000)
  to   space 17920K, 0% used [0x00000000ecd80000,0x00000000ecd80000,0x00000000edf00000)
 ParOldGen       total 72192K, used 18672K [0x00000000a0000000, 0x00000000a4680000, 0x00000000e0000000)
  object space 72192K, 25% used [0x00000000a0000000,0x00000000a123c350,0x00000000a4680000)
 Metaspace       used 57504K, capacity 58972K, committed 59096K, reserved 1099776K
  class space    used 7741K, capacity 8113K, committed 8192K, reserved 1048576K
Event: 44.389 GC heap after
Heap after GC invocations=12 (full 2):
 PSYoungGen      total 206336K, used 17890K [0x00000000e0000000, 0x00000000ee100000, 0x0000000100000000)
  eden space 188416K, 0% used [0x00000000e0000000,0x00000000e0000000,0x00000000eb800000)
  from space 17920K, 99% used [0x00000000ecd80000,0x00000000edef8970,0x00000000edf00000)
  to   space 20992K, 0% used [0x00000000eb800000,0x00000000eb800000,0x00000000ecc80000)
 ParOldGen       total 72192K, used 19570K [0x00000000a0000000, 0x00000000a4680000, 0x00000000e0000000)
  object space 72192K, 27% used [0x00000000a0000000,0x00000000a131c910,0x00000000a4680000)
 Metaspace       used 57504K, capacity 58972K, committed 59096K, reserved 1099776K
  class space    used 7741K, capacity 8113K, committed 8192K, reserved 1048576K
}
Event: 44.389 GC heap before
{Heap before GC invocations=13 (full 3):
 PSYoungGen      total 206336K, used 17890K [0x00000000e0000000, 0x00000000ee100000, 0x0000000100000000)
  eden space 188416K, 0% used [0x00000000e0000000,0x00000000e0000000,0x00000000eb800000)
  from space 17920K, 99% used [0x00000000ecd80000,0x00000000edef8970,0x00000000edf00000)
  to   space 20992K, 0% used [0x00000000eb800000,0x00000000eb800000,0x00000000ecc80000)
 ParOldGen       total 72192K, used 19570K [0x00000000a0000000, 0x00000000a4680000, 0x00000000e0000000)
  object space 72192K, 27% used [0x00000000a0000000,0x00000000a131c910,0x00000000a4680000)
 Metaspace       used 57504K, capacity 58972K, committed 59096K, reserved 1099776K
  class space    used 7741K, capacity 8113K, committed 8192K, reserved 1048576K
Event: 44.809 GC heap after
Heap after GC invocations=13 (full 3):
 PSYoungGen      total 206336K, used 0K [0x00000000e0000000, 0x00000000ee100000, 0x0000000100000000)
  eden space 188416K, 0% used [0x00000000e0000000,0x00000000e0000000,0x00000000eb800000)
  from space 17920K, 0% used [0x00000000ecd80000,0x00000000ecd80000,0x00000000edf00000)
  to   space 20992K, 0% used [0x00000000eb800000,0x00000000eb800000,0x00000000ecc80000)
 ParOldGen       total 107008K, used 32417K [0x00000000a0000000, 0x00000000a6880000, 0x00000000e0000000)
  object space 107008K, 30% used [0x00000000a0000000,0x00000000a1fa8628,0x00000000a6880000)
 Metaspace       used 57504K, capacity 58972K, committed 59096K, reserved 1099776K
  class space    used 7741K, capacity 8113K, committed 8192K, reserved 1048576K
}
Event: 54.784 GC heap before
{Heap before GC invocations=14 (full 3):
 PSYoungGen      total 206336K, used 188416K [0x00000000e0000000, 0x00000000ee100000, 0x0000000100000000)
  eden space 188416K, 100% used [0x00000000e0000000,0x00000000eb800000,0x00000000eb800000)
  from space 17920K, 0% used [0x00000000ecd80000,0x00000000ecd80000,0x00000000edf00000)
  to   space 20992K, 0% used [0x00000000eb800000,0x00000000eb800000,0x00000000ecc80000)
 ParOldGen       total 107008K, used 32417K [0x00000000a0000000, 0x00000000a6880000, 0x00000000e0000000)
  object space 107008K, 30% used [0x00000000a0000000,0x00000000a1fa8628,0x00000000a6880000)
 Metaspace       used 64585K, capacity 66516K, committed 66776K, reserved 1107968K
  class space    used 8710K, capacity 9139K, committed 9216K, reserved 1048576K
Event: 54.881 GC heap after
Heap after GC invocations=14 (full 3):
 PSYoungGen      total 209408K, used 18607K [0x00000000e0000000, 0x00000000ee100000, 0x0000000100000000)
  eden space 188416K, 0% used [0x00000000e0000000,0x00000000e0000000,0x00000000eb800000)
  from space 20992K, 88% used [0x00000000eb800000,0x00000000eca2bf00,0x00000000ecc80000)
  to   space 17920K, 0% used [0x00000000ecd80000,0x00000000ecd80000,0x00000000edf00000)
 ParOldGen       total 107008K, used 32425K [0x00000000a0000000, 0x00000000a6880000, 0x00000000e0000000)
  object space 107008K, 30% used [0x00000000a0000000,0x00000000a1faa628,0x00000000a6880000)
 Metaspace       used 64585K, capacity 66516K, committed 66776K, reserved 1107968K
  class space    used 8710K, capacity 9139K, committed 9216K, reserved 1048576K
}

