# JRE version: OpenJDK Runtime Environment (8.0_152-b01) (build 1.8.0_152-release-1343-b01)
# Java VM: OpenJDK 64-Bit Server VM (25.152-b01 mixed mode windows-amd64 compressed oops)
Heap:
 PSYoungGen      total 41984K, used 29454K [0x00000000e7100000, 0x00000000e9d00000, 0x0000000100000000)
  eden space 38912K, 75% used [0x00000000e7100000,0x00000000e8dc3a38,0x00000000e9700000)
  from space 3072K, 0% used [0x00000000e9a00000,0x00000000e9a00000,0x00000000e9d00000)
  to   space 3072K, 0% used [0x00000000e9700000,0x00000000e9700000,0x00000000e9a00000)
 ParOldGen       total 46592K, used 8743K [0x00000000b5200000, 0x00000000b7f80000, 0x00000000e7100000)
  object space 46592K, 18% used [0x00000000b5200000,0x00000000b5a89cf8,0x00000000b7f80000)
 Metaspace       used 24073K, capacity 24516K, committed 24832K, reserved 1071104K
  class space    used 3109K, capacity 3252K, committed 3328K, reserved 1048576K
GC Heap History (10 events):
Event: 1.563 GC heap before
{Heap before GC invocations=1 (full 0):
 PSYoungGen      total 22528K, used 19456K [0x00000000e7100000, 0x00000000e8a00000, 0x0000000100000000)
  eden space 19456K, 100% used [0x00000000e7100000,0x00000000e8400000,0x00000000e8400000)
  from space 3072K, 0% used [0x00000000e8700000,0x00000000e8700000,0x00000000e8a00000)
  to   space 3072K, 0% used [0x00000000e8400000,0x00000000e8400000,0x00000000e8700000)
 ParOldGen       total 52224K, used 0K [0x00000000b5200000, 0x00000000b8500000, 0x00000000e7100000)
  object space 52224K, 0% used [0x00000000b5200000,0x00000000b5200000,0x00000000b8500000)
 Metaspace       used 7154K, capacity 8172K, committed 8448K, reserved 1056768K
  class space    used 733K, capacity 744K, committed 768K, reserved 1048576K
Event: 1.578 GC heap after
Heap after GC invocations=1 (full 0):
 PSYoungGen      total 22528K, used 3059K [0x00000000e7100000, 0x00000000e8a00000, 0x0000000100000000)
  eden space 19456K, 0% used [0x00000000e7100000,0x00000000e7100000,0x00000000e8400000)
  from space 3072K, 99% used [0x00000000e8400000,0x00000000e86fcde8,0x00000000e8700000)
  to   space 3072K, 0% used [0x00000000e8700000,0x00000000e8700000,0x00000000e8a00000)
 ParOldGen       total 52224K, used 1939K [0x00000000b5200000, 0x00000000b8500000, 0x00000000e7100000)
  object space 52224K, 3% used [0x00000000b5200000,0x00000000b53e4da8,0x00000000b8500000)
 Metaspace       used 7154K, capacity 8172K, committed 8448K, reserved 1056768K
  class space    used 733K, capacity 744K, committed 768K, reserved 1048576K
}
Event: 2.894 GC heap before
{Heap before GC invocations=2 (full 0):
 PSYoungGen      total 22528K, used 22515K [0x00000000e7100000, 0x00000000e8a00000, 0x0000000100000000)
  eden space 19456K, 100% used [0x00000000e7100000,0x00000000e8400000,0x00000000e8400000)
  from space 3072K, 99% used [0x00000000e8400000,0x00000000e86fcde8,0x00000000e8700000)
  to   space 3072K, 0% used [0x00000000e8700000,0x00000000e8700000,0x00000000e8a00000)
 ParOldGen       total 52224K, used 1939K [0x00000000b5200000, 0x00000000b8500000, 0x00000000e7100000)
  object space 52224K, 3% used [0x00000000b5200000,0x00000000b53e4da8,0x00000000b8500000)
 Metaspace       used 10017K, capacity 10740K, committed 10880K, reserved 1058816K
  class space    used 1091K, capacity 1136K, committed 1152K, reserved 1048576K
Event: 2.905 GC heap after
Heap after GC invocations=2 (full 0):
 PSYoungGen      total 22528K, used 3056K [0x00000000e7100000, 0x00000000e8a00000, 0x0000000100000000)
  eden space 19456K, 0% used [0x00000000e7100000,0x00000000e7100000,0x00000000e8400000)
  from space 3072K, 99% used [0x00000000e8700000,0x00000000e89fc010,0x00000000e8a00000)
  to   space 3072K, 0% used [0x00000000e8400000,0x00000000e8400000,0x00000000e8700000)
 ParOldGen       total 52224K, used 5336K [0x00000000b5200000, 0x00000000b8500000, 0x00000000e7100000)
  object space 52224K, 10% used [0x00000000b5200000,0x00000000b5736370,0x00000000b8500000)
 Metaspace       used 10017K, capacity 10740K, committed 10880K, reserved 1058816K
  class space    used 1091K, capacity 1136K, committed 1152K, reserved 1048576K
}
Event: 3.516 GC heap before
{Heap before GC invocations=3 (full 0):
 PSYoungGen      total 22528K, used 22512K [0x00000000e7100000, 0x00000000e8a00000, 0x0000000100000000)
  eden space 19456K, 100% used [0x00000000e7100000,0x00000000e8400000,0x00000000e8400000)
  from space 3072K, 99% used [0x00000000e8700000,0x00000000e89fc010,0x00000000e8a00000)
  to   space 3072K, 0% used [0x00000000e8400000,0x00000000e8400000,0x00000000e8700000)
 ParOldGen       total 52224K, used 5336K [0x00000000b5200000, 0x00000000b8500000, 0x00000000e7100000)
  object space 52224K, 10% used [0x00000000b5200000,0x00000000b5736370,0x00000000b8500000)
 Metaspace       used 15859K, capacity 16124K, committed 16256K, reserved 1062912K
  class space    used 1808K, capacity 1888K, committed 1920K, reserved 1048576K
Event: 3.532 GC heap after
Heap after GC invocations=3 (full 0):
 PSYoungGen      total 22528K, used 3040K [0x00000000e7100000, 0x00000000e9d00000, 0x0000000100000000)
  eden space 19456K, 0% used [0x00000000e7100000,0x00000000e7100000,0x00000000e8400000)
  from space 3072K, 98% used [0x00000000e8400000,0x00000000e86f8040,0x00000000e8700000)
  to   space 3072K, 0% used [0x00000000e9a00000,0x00000000e9a00000,0x00000000e9d00000)
 ParOldGen       total 52224K, used 9687K [0x00000000b5200000, 0x00000000b8500000, 0x00000000e7100000)
  object space 52224K, 18% used [0x00000000b5200000,0x00000000b5b75f88,0x00000000b8500000)
 Metaspace       used 15859K, capacity 16124K, committed 16256K, reserved 1062912K
  class space    used 1808K, capacity 1888K, committed 1920K, reserved 1048576K
}
Event: 4.440 GC heap before
{Heap before GC invocations=4 (full 0):
 PSYoungGen      total 22528K, used 20346K [0x00000000e7100000, 0x00000000e9d00000, 0x0000000100000000)
  eden space 19456K, 88% used [0x00000000e7100000,0x00000000e81e6938,0x00000000e8400000)
  from space 3072K, 98% used [0x00000000e8400000,0x00000000e86f8040,0x00000000e8700000)
  to   space 3072K, 0% used [0x00000000e9a00000,0x00000000e9a00000,0x00000000e9d00000)
 ParOldGen       total 52224K, used 9687K [0x00000000b5200000, 0x00000000b8500000, 0x00000000e7100000)
  object space 52224K, 18% used [0x00000000b5200000,0x00000000b5b75f88,0x00000000b8500000)
 Metaspace       used 20697K, capacity 21006K, committed 21248K, reserved 1067008K
  class space    used 2646K, capacity 2747K, committed 2816K, reserved 1048576K
Event: 4.459 GC heap after
Heap after GC invocations=4 (full 0):
 PSYoungGen      total 41984K, used 3066K [0x00000000e7100000, 0x00000000e9d00000, 0x0000000100000000)
  eden space 38912K, 0% used [0x00000000e7100000,0x00000000e7100000,0x00000000e9700000)
  from space 3072K, 99% used [0x00000000e9a00000,0x00000000e9cfeaf0,0x00000000e9d00000)
  to   space 3072K, 0% used [0x00000000e9700000,0x00000000e9700000,0x00000000e9a00000)
 ParOldGen       total 52224K, used 13765K [0x00000000b5200000, 0x00000000b8500000, 0x00000000e7100000)
  object space 52224K, 26% used [0x00000000b5200000,0x00000000b5f714c8,0x00000000b8500000)
 Metaspace       used 20697K, capacity 21006K, committed 21248K, reserved 1067008K
  class space    used 2646K, capacity 2747K, committed 2816K, reserved 1048576K
}
Event: 4.459 GC heap before
{Heap before GC invocations=5 (full 1):
 PSYoungGen      total 41984K, used 3066K [0x00000000e7100000, 0x00000000e9d00000, 0x0000000100000000)
  eden space 38912K, 0% used [0x00000000e7100000,0x00000000e7100000,0x00000000e9700000)
  from space 3072K, 99% used [0x00000000e9a00000,0x00000000e9cfeaf0,0x00000000e9d00000)
  to   space 3072K, 0% used [0x00000000e9700000,0x00000000e9700000,0x00000000e9a00000)
 ParOldGen       total 52224K, used 13765K [0x00000000b5200000, 0x00000000b8500000, 0x00000000e7100000)
  object space 52224K, 26% used [0x00000000b5200000,0x00000000b5f714c8,0x00000000b8500000)
 Metaspace       used 20697K, capacity 21006K, committed 21248K, reserved 1067008K
  class space    used 2646K, capacity 2747K, committed 2816K, reserved 1048576K
Event: 4.588 GC heap after
Heap after GC invocations=5 (full 1):
 PSYoungGen      total 41984K, used 0K [0x00000000e7100000, 0x00000000e9d00000, 0x0000000100000000)
  eden space 38912K, 0% used [0x00000000e7100000,0x00000000e7100000,0x00000000e9700000)
  from space 3072K, 0% used [0x00000000e9a00000,0x00000000e9a00000,0x00000000e9d00000)
  to   space 3072K, 0% used [0x00000000e9700000,0x00000000e9700000,0x00000000e9a00000)
 ParOldGen       total 46592K, used 8743K [0x00000000b5200000, 0x00000000b7f80000, 0x00000000e7100000)
  object space 46592K, 18% used [0x00000000b5200000,0x00000000b5a89cf8,0x00000000b7f80000)
 Metaspace       used 20697K, capacity 21006K, committed 21248K, reserved 1067008K
  class space    used 2646K, capacity 2747K, committed 2816K, reserved 1048576K
}

